# JRE version: OpenJDK Runtime Environment (8.0_76-b03) (build 1.8.0_76-release-b03)
# Java VM: OpenJDK 64-Bit Server VM (25.76-b03 mixed mode windows-amd64 compressed oops)
Heap:
 PSYoungGen      total 61952K, used 17369K [0x00000000e0000000, 0x00000000e6280000, 0x0000000100000000)
  eden space 50688K, 31% used [0x00000000e0000000,0x00000000e0f92690,0x00000000e3180000)
  from space 11264K, 12% used [0x00000000e3180000,0x00000000e32e4030,0x00000000e3c80000)
  to   space 11264K, 0% used [0x00000000e5780000,0x00000000e5780000,0x00000000e6280000)
 ParOldGen       total 59904K, used 7860K [0x00000000a0000000, 0x00000000a3a80000, 0x00000000e0000000)
  object space 59904K, 13% used [0x00000000a0000000,0x00000000a07ad1a8,0x00000000a3a80000)
 Metaspace       used 23464K, capacity 24032K, committed 24192K, reserved 1071104K
  class space    used 2961K, capacity 3152K, committed 3200K, reserved 1048576K
GC Heap History (10 events):
Event: 16.308 GC heap before
{Heap before GC invocations=4 (full 0):
 PSYoungGen      total 38400K, used 16808K [0x00000000e0000000, 0x00000000e2a80000, 0x0000000100000000)
  eden space 33280K, 35% used [0x00000000e0000000,0x00000000e0b70148,0x00000000e2080000)
  from space 5120K, 99% used [0x00000000e2080000,0x00000000e257a020,0x00000000e2580000)
  to   space 5120K, 0% used [0x00000000e2580000,0x00000000e2580000,0x00000000e2a80000)
 ParOldGen       total 87552K, used 6645K [0x00000000a0000000, 0x00000000a5580000, 0x00000000e0000000)
  object space 87552K, 7% used [0x00000000a0000000,0x00000000a067d4d0,0x00000000a5580000)
 Metaspace       used 20826K, capacity 21168K, committed 21296K, reserved 1067008K
  class space    used 2757K, capacity 2890K, committed 2944K, reserved 1048576K
Event: 16.343 GC heap after
Heap after GC invocations=4 (full 0):
 PSYoungGen      total 38400K, used 5116K [0x00000000e0000000, 0x00000000e4b00000, 0x0000000100000000)
  eden space 33280K, 0% used [0x00000000e0000000,0x00000000e0000000,0x00000000e2080000)
  from space 5120K, 99% used [0x00000000e2580000,0x00000000e2a7f110,0x00000000e2a80000)
  to   space 5120K, 0% used [0x00000000e2080000,0x00000000e2080000,0x00000000e2580000)
 ParOldGen       total 87552K, used 8651K [0x00000000a0000000, 0x00000000a5580000, 0x00000000e0000000)
  object space 87552K, 9% used [0x00000000a0000000,0x00000000a0872c00,0x00000000a5580000)
 Metaspace       used 20826K, capacity 21168K, committed 21296K, reserved 1067008K
  class space    used 2757K, capacity 2890K, committed 2944K, reserved 1048576K
}
Event: 16.343 GC heap before
{Heap before GC invocations=5 (full 1):
 PSYoungGen      total 38400K, used 5116K [0x00000000e0000000, 0x00000000e4b00000, 0x0000000100000000)
  eden space 33280K, 0% used [0x00000000e0000000,0x00000000e0000000,0x00000000e2080000)
  from space 5120K, 99% used [0x00000000e2580000,0x00000000e2a7f110,0x00000000e2a80000)
  to   space 5120K, 0% used [0x00000000e2080000,0x00000000e2080000,0x00000000e2580000)
 ParOldGen       total 87552K, used 8651K [0x00000000a0000000, 0x00000000a5580000, 0x00000000e0000000)
  object space 87552K, 9% used [0x00000000a0000000,0x00000000a0872c00,0x00000000a5580000)
 Metaspace       used 20826K, capacity 21168K, committed 21296K, reserved 1067008K
  class space    used 2757K, capacity 2890K, committed 2944K, reserved 1048576K
Event: 16.500 GC heap after
Heap after GC invocations=5 (full 1):
 PSYoungGen      total 38400K, used 0K [0x00000000e0000000, 0x00000000e4b00000, 0x0000000100000000)
  eden space 33280K, 0% used [0x00000000e0000000,0x00000000e0000000,0x00000000e2080000)
  from space 5120K, 0% used [0x00000000e2580000,0x00000000e2580000,0x00000000e2a80000)
  to   space 5120K, 0% used [0x00000000e2080000,0x00000000e2080000,0x00000000e2580000)
 ParOldGen       total 59904K, used 7836K [0x00000000a0000000, 0x00000000a3a80000, 0x00000000e0000000)
  object space 59904K, 13% used [0x00000000a0000000,0x00000000a07a71a8,0x00000000a3a80000)
 Metaspace       used 20826K, capacity 21168K, committed 21296K, reserved 1067008K
  class space    used 2757K, capacity 2890K, committed 2944K, reserved 1048576K
}
Event: 17.909 GC heap before
{Heap before GC invocations=6 (full 1):
 PSYoungGen      total 38400K, used 33280K [0x00000000e0000000, 0x00000000e4b00000, 0x0000000100000000)
  eden space 33280K, 100% used [0x00000000e0000000,0x00000000e2080000,0x00000000e2080000)
  from space 5120K, 0% used [0x00000000e2580000,0x00000000e2580000,0x00000000e2a80000)
  to   space 5120K, 0% used [0x00000000e2080000,0x00000000e2080000,0x00000000e2580000)
 ParOldGen       total 59904K, used 7836K [0x00000000a0000000, 0x00000000a3a80000, 0x00000000e0000000)
  object space 59904K, 13% used [0x00000000a0000000,0x00000000a07a71a8,0x00000000a3a80000)
 Metaspace       used 21551K, capacity 21974K, committed 22272K, reserved 1069056K
  class space    used 2838K, capacity 2987K, committed 3072K, reserved 1048576K
Event: 17.916 GC heap after
Heap after GC invocations=6 (full 1):
 PSYoungGen      total 38400K, used 1508K [0x00000000e0000000, 0x00000000e4700000, 0x0000000100000000)
  eden space 33280K, 0% used [0x00000000e0000000,0x00000000e0000000,0x00000000e2080000)
  from space 5120K, 29% used [0x00000000e2080000,0x00000000e21f9128,0x00000000e2580000)
  to   space 10752K, 0% used [0x00000000e3c80000,0x00000000e3c80000,0x00000000e4700000)
 ParOldGen       total 59904K, used 7844K [0x00000000a0000000, 0x00000000a3a80000, 0x00000000e0000000)
  object space 59904K, 13% used [0x00000000a0000000,0x00000000a07a91a8,0x00000000a3a80000)
 Metaspace       used 21551K, capacity 21974K, committed 22272K, reserved 1069056K
  class space    used 2838K, capacity 2987K, committed 3072K, reserved 1048576K
}
Event: 18.322 GC heap before
{Heap before GC invocations=7 (full 1):
 PSYoungGen      total 38400K, used 34788K [0x00000000e0000000, 0x00000000e4700000, 0x0000000100000000)
  eden space 33280K, 100% used [0x00000000e0000000,0x00000000e2080000,0x00000000e2080000)
  from space 5120K, 29% used [0x00000000e2080000,0x00000000e21f9128,0x00000000e2580000)
  to   space 10752K, 0% used [0x00000000e3c80000,0x00000000e3c80000,0x00000000e4700000)
 ParOldGen       total 59904K, used 7844K [0x00000000a0000000, 0x00000000a3a80000, 0x00000000e0000000)
  object space 59904K, 13% used [0x00000000a0000000,0x00000000a07a91a8,0x00000000a3a80000)
 Metaspace       used 21591K, capacity 21974K, committed 22272K, reserved 1069056K
  class space    used 2838K, capacity 2987K, committed 3072K, reserved 1048576K
Event: 18.326 GC heap after
Heap after GC invocations=7 (full 1):
 PSYoungGen      total 61440K, used 1200K [0x00000000e0000000, 0x00000000e4780000, 0x0000000100000000)
  eden space 50688K, 0% used [0x00000000e0000000,0x00000000e0000000,0x00000000e3180000)
  from space 10752K, 11% used [0x00000000e3c80000,0x00000000e3dac030,0x00000000e4700000)
  to   space 11264K, 0% used [0x00000000e3180000,0x00000000e3180000,0x00000000e3c80000)
 ParOldGen       total 59904K, used 7852K [0x00000000a0000000, 0x00000000a3a80000, 0x00000000e0000000)
  object space 59904K, 13% used [0x00000000a0000000,0x00000000a07ab1a8,0x00000000a3a80000)
 Metaspace       used 21591K, capacity 21974K, committed 22272K, reserved 1069056K
  class space    used 2838K, capacity 2987K, committed 3072K, reserved 1048576K
}
Event: 18.876 GC heap before
{Heap before GC invocations=8 (full 1):
 PSYoungGen      total 61440K, used 51888K [0x00000000e0000000, 0x00000000e4780000, 0x0000000100000000)
  eden space 50688K, 100% used [0x00000000e0000000,0x00000000e3180000,0x00000000e3180000)
  from space 10752K, 11% used [0x00000000e3c80000,0x00000000e3dac030,0x00000000e4700000)
  to   space 11264K, 0% used [0x00000000e3180000,0x00000000e3180000,0x00000000e3c80000)
 ParOldGen       total 59904K, used 7852K [0x00000000a0000000, 0x00000000a3a80000, 0x00000000e0000000)
  object space 59904K, 13% used [0x00000000a0000000,0x00000000a07ab1a8,0x00000000a3a80000)
 Metaspace       used 21591K, capacity 21974K, committed 22272K, reserved 1069056K
  class space    used 2838K, capacity 2987K, committed 3072K, reserved 1048576K
Event: 18.884 GC heap after
Heap after GC invocations=8 (full 1):
 PSYoungGen      total 61952K, used 1424K [0x00000000e0000000, 0x00000000e6280000, 0x0000000100000000)
  eden space 50688K, 0% used [0x00000000e0000000,0x00000000e0000000,0x00000000e3180000)
  from space 11264K, 12% used [0x00000000e3180000,0x00000000e32e4030,0x00000000e3c80000)
  to   space 11264K, 0% used [0x00000000e5780000,0x00000000e5780000,0x00000000e6280000)
 ParOldGen       total 59904K, used 7860K [0x00000000a0000000, 0x00000000a3a80000, 0x00000000e0000000)
  object space 59904K, 13% used [0x00000000a0000000,0x00000000a07ad1a8,0x00000000a3a80000)
 Metaspace       used 21591K, capacity 21974K, committed 22272K, reserved 1069056K
  class space    used 2838K, capacity 2987K, committed 3072K, reserved 1048576K
}

