# JRE version: OpenJDK Runtime Environment (8.0_76-b03) (build 1.8.0_76-release-b03)
# Java VM: OpenJDK 64-Bit Server VM (25.76-b03 mixed mode windows-amd64 compressed oops)
Heap:
 PSYoungGen      total 117760K, used 8781K [0x00000000e0000000, 0x00000000ea000000, 0x0000000100000000)
  eden space 108032K, 3% used [0x00000000e0000000,0x00000000e042c320,0x00000000e6980000)
  from space 9728K, 46% used [0x00000000e9680000,0x00000000e9ae7320,0x00000000ea000000)
  to   space 10240K, 0% used [0x00000000e6980000,0x00000000e6980000,0x00000000e7380000)
 ParOldGen       total 60928K, used 14145K [0x00000000a0000000, 0x00000000a3b80000, 0x00000000e0000000)
  object space 60928K, 23% used [0x00000000a0000000,0x00000000a0dd0798,0x00000000a3b80000)
 Metaspace       used 25575K, capacity 26374K, committed 26624K, reserved 1073152K
  class space    used 3250K, capacity 3571K, committed 3584K, reserved 1048576K
GC Heap History (10 events):
Event: 23.192 GC heap before
{Heap before GC invocations=9 (full 1):
 PSYoungGen      total 61440K, used 51600K [0x00000000e0000000, 0x00000000e6580000, 0x0000000100000000)
  eden space 50176K, 100% used [0x00000000e0000000,0x00000000e3100000,0x00000000e3100000)
  from space 11264K, 12% used [0x00000000e3100000,0x00000000e3264030,0x00000000e3c00000)
  to   space 11264K, 0% used [0x00000000e5a80000,0x00000000e5a80000,0x00000000e6580000)
 ParOldGen       total 60928K, used 7854K [0x00000000a0000000, 0x00000000a3b80000, 0x00000000e0000000)
  object space 60928K, 12% used [0x00000000a0000000,0x00000000a07abbd0,0x00000000a3b80000)
 Metaspace       used 23689K, capacity 24252K, committed 24448K, reserved 1071104K
  class space    used 2971K, capacity 3184K, committed 3200K, reserved 1048576K
Event: 23.201 GC heap after
Heap after GC invocations=9 (full 1):
 PSYoungGen      total 87552K, used 4452K [0x00000000e0000000, 0x00000000e6280000, 0x0000000100000000)
  eden space 79360K, 0% used [0x00000000e0000000,0x00000000e0000000,0x00000000e4d80000)
  from space 8192K, 54% used [0x00000000e5a80000,0x00000000e5ed9388,0x00000000e6280000)
  to   space 10752K, 0% used [0x00000000e4d80000,0x00000000e4d80000,0x00000000e5800000)
 ParOldGen       total 60928K, used 7854K [0x00000000a0000000, 0x00000000a3b80000, 0x00000000e0000000)
  object space 60928K, 12% used [0x00000000a0000000,0x00000000a07abbd0,0x00000000a3b80000)
 Metaspace       used 23689K, capacity 24252K, committed 24448K, reserved 1071104K
  class space    used 2971K, capacity 3184K, committed 3200K, reserved 1048576K
}
Event: 24.400 GC heap before
{Heap before GC invocations=10 (full 1):
 PSYoungGen      total 87552K, used 83812K [0x00000000e0000000, 0x00000000e6280000, 0x0000000100000000)
  eden space 79360K, 100% used [0x00000000e0000000,0x00000000e4d80000,0x00000000e4d80000)
  from space 8192K, 54% used [0x00000000e5a80000,0x00000000e5ed9388,0x00000000e6280000)
  to   space 10752K, 0% used [0x00000000e4d80000,0x00000000e4d80000,0x00000000e5800000)
 ParOldGen       total 60928K, used 7854K [0x00000000a0000000, 0x00000000a3b80000, 0x00000000e0000000)
  object space 60928K, 12% used [0x00000000a0000000,0x00000000a07abbd0,0x00000000a3b80000)
 Metaspace       used 23692K, capacity 24252K, committed 24448K, reserved 1071104K
  class space    used 2971K, capacity 3184K, committed 3200K, reserved 1048576K
Event: 24.419 GC heap after
Heap after GC invocations=10 (full 1):
 PSYoungGen      total 90112K, used 2672K [0x00000000e0000000, 0x00000000e7e80000, 0x0000000100000000)
  eden space 79360K, 0% used [0x00000000e0000000,0x00000000e0000000,0x00000000e4d80000)
  from space 10752K, 24% used [0x00000000e4d80000,0x00000000e501c010,0x00000000e5800000)
  to   space 10240K, 0% used [0x00000000e7480000,0x00000000e7480000,0x00000000e7e80000)
 ParOldGen       total 60928K, used 8811K [0x00000000a0000000, 0x00000000a3b80000, 0x00000000e0000000)
  object space 60928K, 14% used [0x00000000a0000000,0x00000000a089ac20,0x00000000a3b80000)
 Metaspace       used 23692K, capacity 24252K, committed 24448K, reserved 1071104K
  class space    used 2971K, capacity 3184K, committed 3200K, reserved 1048576K
}
Event: 26.023 GC heap before
{Heap before GC invocations=11 (full 1):
 PSYoungGen      total 90112K, used 82032K [0x00000000e0000000, 0x00000000e7e80000, 0x0000000100000000)
  eden space 79360K, 100% used [0x00000000e0000000,0x00000000e4d80000,0x00000000e4d80000)
  from space 10752K, 24% used [0x00000000e4d80000,0x00000000e501c010,0x00000000e5800000)
  to   space 10240K, 0% used [0x00000000e7480000,0x00000000e7480000,0x00000000e7e80000)
 ParOldGen       total 60928K, used 8811K [0x00000000a0000000, 0x00000000a3b80000, 0x00000000e0000000)
  object space 60928K, 14% used [0x00000000a0000000,0x00000000a089ac20,0x00000000a3b80000)
 Metaspace       used 23695K, capacity 24252K, committed 24448K, reserved 1071104K
  class space    used 2971K, capacity 3184K, committed 3200K, reserved 1048576K
Event: 26.035 GC heap after
Heap after GC invocations=11 (full 1):
 PSYoungGen      total 117248K, used 2608K [0x00000000e0000000, 0x00000000e7d80000, 0x0000000100000000)
  eden space 108032K, 0% used [0x00000000e0000000,0x00000000e0000000,0x00000000e6980000)
  from space 9216K, 28% used [0x00000000e7480000,0x00000000e770c010,0x00000000e7d80000)
  to   space 10240K, 0% used [0x00000000e6980000,0x00000000e6980000,0x00000000e7380000)
 ParOldGen       total 60928K, used 9203K [0x00000000a0000000, 0x00000000a3b80000, 0x00000000e0000000)
  object space 60928K, 15% used [0x00000000a0000000,0x00000000a08fcc30,0x00000000a3b80000)
 Metaspace       used 23695K, capacity 24252K, committed 24448K, reserved 1071104K
  class space    used 2971K, capacity 3184K, committed 3200K, reserved 1048576K
}
Event: 30.298 GC heap before
{Heap before GC invocations=12 (full 1):
 PSYoungGen      total 117248K, used 110640K [0x00000000e0000000, 0x00000000e7d80000, 0x0000000100000000)
  eden space 108032K, 100% used [0x00000000e0000000,0x00000000e6980000,0x00000000e6980000)
  from space 9216K, 28% used [0x00000000e7480000,0x00000000e770c010,0x00000000e7d80000)
  to   space 10240K, 0% used [0x00000000e6980000,0x00000000e6980000,0x00000000e7380000)
 ParOldGen       total 60928K, used 9203K [0x00000000a0000000, 0x00000000a3b80000, 0x00000000e0000000)
  object space 60928K, 15% used [0x00000000a0000000,0x00000000a08fcc30,0x00000000a3b80000)
 Metaspace       used 24290K, capacity 25098K, committed 25472K, reserved 1071104K
  class space    used 3041K, capacity 3330K, committed 3456K, reserved 1048576K
Event: 30.315 GC heap after
Heap after GC invocations=12 (full 1):
 PSYoungGen      total 118272K, used 3458K [0x00000000e0000000, 0x00000000ea000000, 0x0000000100000000)
  eden space 108032K, 0% used [0x00000000e0000000,0x00000000e0000000,0x00000000e6980000)
  from space 10240K, 33% used [0x00000000e6980000,0x00000000e6ce0bd8,0x00000000e7380000)
  to   space 9728K, 0% used [0x00000000e9680000,0x00000000e9680000,0x00000000ea000000)
 ParOldGen       total 60928K, used 11430K [0x00000000a0000000, 0x00000000a3b80000, 0x00000000e0000000)
  object space 60928K, 18% used [0x00000000a0000000,0x00000000a0b299b8,0x00000000a3b80000)
 Metaspace       used 24290K, capacity 25098K, committed 25472K, reserved 1071104K
  class space    used 3041K, capacity 3330K, committed 3456K, reserved 1048576K
}
Event: 33.552 GC heap before
{Heap before GC invocations=13 (full 1):
 PSYoungGen      total 118272K, used 111490K [0x00000000e0000000, 0x00000000ea000000, 0x0000000100000000)
  eden space 108032K, 100% used [0x00000000e0000000,0x00000000e6980000,0x00000000e6980000)
  from space 10240K, 33% used [0x00000000e6980000,0x00000000e6ce0bd8,0x00000000e7380000)
  to   space 9728K, 0% used [0x00000000e9680000,0x00000000e9680000,0x00000000ea000000)
 ParOldGen       total 60928K, used 11430K [0x00000000a0000000, 0x00000000a3b80000, 0x00000000e0000000)
  object space 60928K, 18% used [0x00000000a0000000,0x00000000a0b299b8,0x00000000a3b80000)
 Metaspace       used 25556K, capacity 26374K, committed 26624K, reserved 1073152K
  class space    used 3250K, capacity 3571K, committed 3584K, reserved 1048576K
Event: 33.720 GC heap after
Heap after GC invocations=13 (full 1):
 PSYoungGen      total 117760K, used 4508K [0x00000000e0000000, 0x00000000ea000000, 0x0000000100000000)
  eden space 108032K, 0% used [0x00000000e0000000,0x00000000e0000000,0x00000000e6980000)
  from space 9728K, 46% used [0x00000000e9680000,0x00000000e9ae7320,0x00000000ea000000)
  to   space 10240K, 0% used [0x00000000e6980000,0x00000000e6980000,0x00000000e7380000)
 ParOldGen       total 60928K, used 14145K [0x00000000a0000000, 0x00000000a3b80000, 0x00000000e0000000)
  object space 60928K, 23% used [0x00000000a0000000,0x00000000a0dd0798,0x00000000a3b80000)
 Metaspace       used 25556K, capacity 26374K, committed 26624K, reserved 1073152K
  class space    used 3250K, capacity 3571K, committed 3584K, reserved 1048576K
}

